0 info it worked if it ends with ok
1 verbose cli [ 'C:\\Program Files\\nodejs\\node.exe',
1 verbose cli   'C:\\Program Files\\nodejs\\node_modules\\npm\\bin\\npm-cli.js',
1 verbose cli   'start',
1 verbose cli   'server.js' ]
2 info using npm@4.0.5
3 info using node@v7.4.0
4 verbose run-script [ 'prestart', 'start', 'poststart' ]
5 info lifecycle main_belt@1.0.0~prestart: main_belt@1.0.0
6 silly lifecycle main_belt@1.0.0~prestart: no script for prestart, continuing
7 info lifecycle main_belt@1.0.0~start: main_belt@1.0.0
8 verbose lifecycle main_belt@1.0.0~start: unsafe-perm in lifecycle true
9 verbose lifecycle main_belt@1.0.0~start: PATH: C:\Program Files\nodejs\node_modules\npm\bin\node-gyp-bin;C:\Users\kew1102\Desktop\Project\Angular\main_belt\node_modules\.bin;C:\Program Files (x86)\Graphviz2.38\bin\;C:\python27;C:\Users\kew1102\AppData\Local\atom\app-1.12.2;C:\Program Files (x86)\Heroku\bin;C:\Program Files (x86)\git\cmd;C:\Program Files (x86)\Git\cmd;C:\Windows\System32;"C:\Program Files\nodejs";C:\Program Files (x86)\Graphviz2.38\bin\;C:\Users\kew1102\AppData\Local\atom\bin;C:\Program Files\nodejs;C:\Program Files\MongoDB;C:\Windows\System32;C:\Users\kew1102\AppData\Roaming\npm
10 verbose lifecycle main_belt@1.0.0~start: CWD: C:\Users\kew1102\Desktop\Project\Angular\main_belt
11 silly lifecycle main_belt@1.0.0~start: Args: [ '/d /s /c', 'node server.js "server.js"' ]
12 silly lifecycle main_belt@1.0.0~start: Returned: code: 1  signal: null
13 info lifecycle main_belt@1.0.0~start: Failed to exec start script
14 verbose stack Error: main_belt@1.0.0 start: `node server.js "server.js"`
14 verbose stack Exit status 1
14 verbose stack     at EventEmitter.<anonymous> (C:\Program Files\nodejs\node_modules\npm\lib\utils\lifecycle.js:279:16)
14 verbose stack     at emitTwo (events.js:106:13)
14 verbose stack     at EventEmitter.emit (events.js:191:7)
14 verbose stack     at ChildProcess.<anonymous> (C:\Program Files\nodejs\node_modules\npm\lib\utils\spawn.js:40:14)
14 verbose stack     at emitTwo (events.js:106:13)
14 verbose stack     at ChildProcess.emit (events.js:191:7)
14 verbose stack     at maybeClose (internal/child_process.js:885:16)
14 verbose stack     at Process.ChildProcess._handle.onexit (internal/child_process.js:226:5)
15 verbose pkgid main_belt@1.0.0
16 verbose cwd C:\Users\kew1102\Desktop\Project\Angular\main_belt
17 error Windows_NT 10.0.14393
18 error argv "C:\\Program Files\\nodejs\\node.exe" "C:\\Program Files\\nodejs\\node_modules\\npm\\bin\\npm-cli.js" "start" "server.js"
19 error node v7.4.0
20 error npm  v4.0.5
21 error code ELIFECYCLE
22 error main_belt@1.0.0 start: `node server.js "server.js"`
22 error Exit status 1
23 error Failed at the main_belt@1.0.0 start script 'node server.js "server.js"'.
23 error Make sure you have the latest version of node.js and npm installed.
23 error If you do, this is most likely a problem with the main_belt package,
23 error not with npm itself.
23 error Tell the author that this fails on your system:
23 error     node server.js "server.js"
23 error You can get information on how to open an issue for this project with:
23 error     npm bugs main_belt
23 error Or if that isn't available, you can get their info via:
23 error     npm owner ls main_belt
23 error There is likely additional logging output above.
24 verbose exit [ 1, true ]
